INFO: [VRFC 10-2263] Analyzing Verilog file "C:/Users/Owner/Desktop/FPGA_Audio_Recorder-master/FPGA_Audio_Recorder.sim/sim_1/impl/func/xsim/Serializer_tb_func_impl.v" into library xil_defaultlib
INFO: [VRFC 10-311] analyzing module Deserializer
INFO: [VRFC 10-311] analyzing module Serializer
INFO: [VRFC 10-311] analyzing module Synchronizer
INFO: [VRFC 10-311] analyzing module controller
INFO: [VRFC 10-311] analyzing module memory_block
INFO: [VRFC 10-311] analyzing module memory_block_HD2
INFO: [VRFC 10-311] analyzing module top
INFO: [VRFC 10-311] analyzing module memory_block_bindec
INFO: [VRFC 10-311] analyzing module memory_block_bindec_HD7
INFO: [VRFC 10-311] analyzing module memory_block_blk_mem_gen_generic_cstr
INFO: [VRFC 10-311] analyzing module memory_block_blk_mem_gen_generic_cstr_HD6
INFO: [VRFC 10-311] analyzing module memory_block_blk_mem_gen_mux
INFO: [VRFC 10-311] analyzing module memory_block_blk_mem_gen_mux_HD8
INFO: [VRFC 10-311] analyzing module memory_block_blk_mem_gen_prim_width
INFO: [VRFC 10-311] analyzing module memory_block_blk_mem_gen_prim_width_HD9
INFO: [VRFC 10-311] analyzing module memory_block_blk_mem_gen_prim_width__parameterized11
INFO: [VRFC 10-311] analyzing module memory_block_blk_mem_gen_prim_width__parameterized11_HD15
INFO: [VRFC 10-311] analyzing module memory_block_blk_mem_gen_prim_width__parameterized14
INFO: [VRFC 10-311] analyzing module memory_block_blk_mem_gen_prim_width__parameterized14_HD21
INFO: [VRFC 10-311] analyzing module memory_block_blk_mem_gen_prim_width__parameterized18
INFO: [VRFC 10-311] analyzing module memory_block_blk_mem_gen_prim_width__parameterized18_HD29
INFO: [VRFC 10-311] analyzing module memory_block_blk_mem_gen_prim_width__parameterized4
INFO: [VRFC 10-311] analyzing module memory_block_blk_mem_gen_prim_width__parameterized45
INFO: [VRFC 10-311] analyzing module memory_block_blk_mem_gen_prim_width__parameterized45_HD89
INFO: [VRFC 10-311] analyzing module memory_block_blk_mem_gen_prim_width__parameterized47
INFO: [VRFC 10-311] analyzing module memory_block_blk_mem_gen_prim_width__parameterized47_HD93
INFO: [VRFC 10-311] analyzing module memory_block_blk_mem_gen_prim_width__parameterized49
INFO: [VRFC 10-311] analyzing module memory_block_blk_mem_gen_prim_width__parameterized49_HD99
INFO: [VRFC 10-311] analyzing module memory_block_blk_mem_gen_prim_width__parameterized4_HD103
INFO: [VRFC 10-311] analyzing module memory_block_blk_mem_gen_prim_width__parameterized7
INFO: [VRFC 10-311] analyzing module memory_block_blk_mem_gen_prim_width__parameterized7_HD109
INFO: [VRFC 10-311] analyzing module memory_block_blk_mem_gen_prim_wrapper
INFO: [VRFC 10-311] analyzing module memory_block_blk_mem_gen_prim_wrapper_HD10
INFO: [VRFC 10-311] analyzing module memory_block_blk_mem_gen_prim_wrapper__parameterized11
INFO: [VRFC 10-311] analyzing module memory_block_blk_mem_gen_prim_wrapper__parameterized11_HD16
INFO: [VRFC 10-311] analyzing module memory_block_blk_mem_gen_prim_wrapper__parameterized14
INFO: [VRFC 10-311] analyzing module memory_block_blk_mem_gen_prim_wrapper__parameterized14_HD22
INFO: [VRFC 10-311] analyzing module memory_block_blk_mem_gen_prim_wrapper__parameterized18
INFO: [VRFC 10-311] analyzing module memory_block_blk_mem_gen_prim_wrapper__parameterized18_HD30
INFO: [VRFC 10-311] analyzing module memory_block_blk_mem_gen_prim_wrapper__parameterized4
INFO: [VRFC 10-311] analyzing module memory_block_blk_mem_gen_prim_wrapper__parameterized45
INFO: [VRFC 10-311] analyzing module memory_block_blk_mem_gen_prim_wrapper__parameterized45_HD90
INFO: [VRFC 10-311] analyzing module memory_block_blk_mem_gen_prim_wrapper__parameterized47
INFO: [VRFC 10-311] analyzing module memory_block_blk_mem_gen_prim_wrapper__parameterized47_HD94
INFO: [VRFC 10-311] analyzing module memory_block_blk_mem_gen_prim_wrapper__parameterized49
INFO: [VRFC 10-311] analyzing module memory_block_blk_mem_gen_prim_wrapper__parameterized49_HD100
INFO: [VRFC 10-311] analyzing module memory_block_blk_mem_gen_prim_wrapper__parameterized4_HD104
INFO: [VRFC 10-311] analyzing module memory_block_blk_mem_gen_prim_wrapper__parameterized7
INFO: [VRFC 10-311] analyzing module memory_block_blk_mem_gen_prim_wrapper__parameterized7_HD110
INFO: [VRFC 10-311] analyzing module memory_block_blk_mem_gen_top
INFO: [VRFC 10-311] analyzing module memory_block_blk_mem_gen_top_HD5
INFO: [VRFC 10-311] analyzing module memory_block_blk_mem_gen_v8_4_4
INFO: [VRFC 10-311] analyzing module memory_block_blk_mem_gen_v8_4_4_HD3
INFO: [VRFC 10-311] analyzing module memory_block_blk_mem_gen_v8_4_4_synth
INFO: [VRFC 10-311] analyzing module memory_block_blk_mem_gen_v8_4_4_synth_HD4
INFO: [VRFC 10-311] analyzing module glbl
INFO: [VRFC 10-2263] Analyzing SystemVerilog file "C:/Users/Owner/Desktop/FPGA_Audio_Recorder-master/FPGA_Audio_Recorder.srcs/sources_1/new/Serializer.sv" into library xil_defaultlib
INFO: [VRFC 10-311] analyzing module Serializer
WARNING: [VRFC 10-3609] overwriting previous definition of module 'Serializer' [C:/Users/Owner/Desktop/FPGA_Audio_Recorder-master/FPGA_Audio_Recorder.srcs/sources_1/new/Serializer.sv:23]
INFO: [VRFC 10-2263] Analyzing SystemVerilog file "C:/Users/Owner/Desktop/FPGA_Audio_Recorder-master/FPGA_Audio_Recorder.srcs/sim_1/new/Serializer_tb.sv" into library xil_defaultlib
INFO: [VRFC 10-311] analyzing module Serializer_tb
